[solange.io/index.html]
[backblue.gif]
[fade.gif]
[index.html]
[framerusercontent.com/images/BfWJl1r8oJskXAtMW6eWor4eWt8.png]
[framerusercontent.com/images/kSD5jxsYs1XjwIhA7wJG06330.png]
[solange.io/articles.html]
[solange.io/projects.html]
[framerusercontent.com/images/WXwwArEbCEXxVkbbiaI5FD2o.png]
[framerusercontent.com/images/VjXwsOiXF5toyIHzLt5G9vsgE4.png]
[framerusercontent.com/images/OQTcGh3BNEoHWXGEwHntRGlXwNI.gif]
[framerusercontent.com/images/lkf1pUqh8nqlwLA2yaIgwL854.gif]
[solange.io/index.html]
[framerusercontent.com/images/VGVw1EwjQLZl6pC2cuDpxDZ9ON8.png]
[framerusercontent.com/images/Ldr2dDCgSM5ZKkGtUXuidvxgZKs.png]
[framerusercontent.com/images/WKx7owLIhKeIM91w6yP47nuiBY.png]
[framerusercontent.com/images/fQ5rMrt8q2kcqg6RIDLMYPGr54U.png]
[solange.io/articles.html]
[framerusercontent.com/images/s7LOayVOii7hfuiTSj0suaqGLew.png]
[solange.io/projects.html]
